In file included from complex.w:15:0:
complex.w:190:8: warning: conflicting types for built-in function ‘carg’ [enabled by default]
In file included from complex.w:15:0:
complex.w:181:16: warning: conflicting types for built-in function ‘conj’ [enabled by default]
In file included from complex.w:15:0:
complex.w:210:16: warning: conflicting types for built-in function ‘csqrt’ [enabled by default]
In file included from complex.w:15:0:
complex.w:438:16: warning: conflicting types for built-in function ‘csin’ [enabled by default]
In file included from complex.w:15:0:
complex.w:449:16: warning: conflicting types for built-in function ‘ccos’ [enabled by default]
In file included from complex.w:15:0:
complex.w:480:16: warning: conflicting types for built-in function ‘ctan’ [enabled by default]
In file included from complex.w:15:0:
complex.w:502:16: warning: conflicting types for built-in function ‘casin’ [enabled by default]
In file included from complex.w:15:0:
complex.w:515:16: warning: conflicting types for built-in function ‘cacos’ [enabled by default]
In file included from complex.w:15:0:
complex.w:528:16: warning: conflicting types for built-in function ‘catan’ [enabled by default]
In file included from complex.w:15:0:
complex.w:550:16: warning: conflicting types for built-in function ‘csinh’ [enabled by default]
In file included from complex.w:15:0:
complex.w:541:16: warning: conflicting types for built-in function ‘ccosh’ [enabled by default]
In file included from complex.w:15:0:
complex.w:559:16: warning: conflicting types for built-in function ‘ctanh’ [enabled by default]
In file included from complex.w:15:0:
complex.w:572:16: warning: conflicting types for built-in function ‘catanh’ [enabled by default]
In file included from complex.w:15:0:
complex.w:581:16: warning: conflicting types for built-in function ‘casinh’ [enabled by default]
In file included from complex.w:15:0:
complex.w:592:16: warning: conflicting types for built-in function ‘cexp’ [enabled by default]
In file included from complex.w:15:0:
complex.w:602:16: warning: conflicting types for built-in function ‘clog’ [enabled by default]
In file included from complex.w:15:0:
complex.w:611:16: warning: conflicting types for built-in function ‘clog10’ [enabled by default]
In file included from mie.w:35:0:
complex.w:190:8: warning: conflicting types for built-in function ‘carg’ [enabled by default]
In file included from mie.w:35:0:
complex.w:181:16: warning: conflicting types for built-in function ‘conj’ [enabled by default]
In file included from mie.w:35:0:
complex.w:210:16: warning: conflicting types for built-in function ‘csqrt’ [enabled by default]
In file included from mie.w:35:0:
complex.w:438:16: warning: conflicting types for built-in function ‘csin’ [enabled by default]
In file included from mie.w:35:0:
complex.w:449:16: warning: conflicting types for built-in function ‘ccos’ [enabled by default]
In file included from mie.w:35:0:
complex.w:480:16: warning: conflicting types for built-in function ‘ctan’ [enabled by default]
In file included from mie.w:35:0:
complex.w:502:16: warning: conflicting types for built-in function ‘casin’ [enabled by default]
In file included from mie.w:35:0:
complex.w:515:16: warning: conflicting types for built-in function ‘cacos’ [enabled by default]
In file included from mie.w:35:0:
complex.w:528:16: warning: conflicting types for built-in function ‘catan’ [enabled by default]
In file included from mie.w:35:0:
complex.w:550:16: warning: conflicting types for built-in function ‘csinh’ [enabled by default]
In file included from mie.w:35:0:
complex.w:541:16: warning: conflicting types for built-in function ‘ccosh’ [enabled by default]
In file included from mie.w:35:0:
complex.w:559:16: warning: conflicting types for built-in function ‘ctanh’ [enabled by default]
In file included from mie.w:35:0:
complex.w:572:16: warning: conflicting types for built-in function ‘catanh’ [enabled by default]
In file included from mie.w:35:0:
complex.w:581:16: warning: conflicting types for built-in function ‘casinh’ [enabled by default]
In file included from mie.w:35:0:
complex.w:592:16: warning: conflicting types for built-in function ‘cexp’ [enabled by default]
In file included from mie.w:35:0:
complex.w:602:16: warning: conflicting types for built-in function ‘clog’ [enabled by default]
In file included from mie.w:35:0:
complex.w:611:16: warning: conflicting types for built-in function ‘clog10’ [enabled by default]
In file included from stok1.c:36:0:
complex.w:190:8: warning: conflicting types for built-in function ‘carg’ [enabled by default]
In file included from stok1.c:36:0:
complex.w:181:16: warning: conflicting types for built-in function ‘conj’ [enabled by default]
In file included from stok1.c:36:0:
complex.w:210:16: warning: conflicting types for built-in function ‘csqrt’ [enabled by default]
In file included from stok1.c:36:0:
complex.w:438:16: warning: conflicting types for built-in function ‘csin’ [enabled by default]
In file included from stok1.c:36:0:
complex.w:449:16: warning: conflicting types for built-in function ‘ccos’ [enabled by default]
In file included from stok1.c:36:0:
complex.w:480:16: warning: conflicting types for built-in function ‘ctan’ [enabled by default]
In file included from stok1.c:36:0:
complex.w:502:16: warning: conflicting types for built-in function ‘casin’ [enabled by default]
In file included from stok1.c:36:0:
complex.w:515:16: warning: conflicting types for built-in function ‘cacos’ [enabled by default]
In file included from stok1.c:36:0:
complex.w:528:16: warning: conflicting types for built-in function ‘catan’ [enabled by default]
In file included from stok1.c:36:0:
complex.w:550:16: warning: conflicting types for built-in function ‘csinh’ [enabled by default]
In file included from stok1.c:36:0:
complex.w:541:16: warning: conflicting types for built-in function ‘ccosh’ [enabled by default]
In file included from stok1.c:36:0:
complex.w:559:16: warning: conflicting types for built-in function ‘ctanh’ [enabled by default]
In file included from stok1.c:36:0:
complex.w:572:16: warning: conflicting types for built-in function ‘catanh’ [enabled by default]
In file included from stok1.c:36:0:
complex.w:581:16: warning: conflicting types for built-in function ‘casinh’ [enabled by default]
In file included from stok1.c:36:0:
complex.w:592:16: warning: conflicting types for built-in function ‘cexp’ [enabled by default]
In file included from stok1.c:36:0:
complex.w:602:16: warning: conflicting types for built-in function ‘clog’ [enabled by default]
In file included from stok1.c:36:0:
complex.w:611:16: warning: conflicting types for built-in function ‘clog10’ [enabled by default]
dia=2.00000;
 mus=11.56413;
 g=0.91032;
 photons=1000000;
 rho=0.00012;
slabsize =0.3458972
launch H
R= 0.10420	 0.01221	 0.00000	 -0.00026
 T= 0.89580	 0.82778	 0.00020	 -0.00009
 launch V
R= 0.10435	 -0.01165	 0.00011	 0.00024
 T= 0.89565	 -0.82786	 0.00024	 -0.00013
 launch P
R= 0.10471	 0.00014	 -0.01206	 0.00031
 T= 0.89529	 -0.00002	 0.82711	 -0.00007
 launch R
R= 0.10410	 0.00016	 -0.00017	 0.06732
 T= 0.89590	 0.00001	 0.00021	 0.87005
 Elapsed Time              =     700.13 seconds
